0 info it worked if it ends with ok
1 verbose cli [ '/usr/local/bin/node', '/usr/local/bin/npm', 'start' ]
2 info using npm@3.9.5
3 info using node@v6.2.2
4 verbose run-script [ 'prestart', 'start', 'poststart' ]
5 info lifecycle js13kserver@0.0.1~prestart: js13kserver@0.0.1
6 silly lifecycle js13kserver@0.0.1~prestart: no script for prestart, continuing
7 info lifecycle js13kserver@0.0.1~start: js13kserver@0.0.1
8 verbose lifecycle js13kserver@0.0.1~start: unsafe-perm in lifecycle true
9 verbose lifecycle js13kserver@0.0.1~start: PATH: /usr/local/lib/node_modules/npm/bin/node-gyp-bin:/home/mary/games/js13k-2016/js13kserver/node_modules/.bin:/usr/local/bin:/home/mary/.rvm/gems/ruby-2.1.3/bin:/home/mary/.rvm/gems/ruby-2.1.3@global/bin:/home/mary/.rvm/rubies/ruby-2.1.3/bin:/home/mary/bin:/usr/sbin:/sbin:/usr/local/bin:/usr/bin:/bin:/usr/local/games:/usr/games:/home/mary/algs4/bin:/home/mary/.rvm/bin:/home/mary/.rvm/bin
10 verbose lifecycle js13kserver@0.0.1~start: CWD: /home/mary/games/js13k-2016/js13kserver
11 silly lifecycle js13kserver@0.0.1~start: Args: [ '-c', 'node index.js' ]
12 silly lifecycle js13kserver@0.0.1~start: Returned: code: 1  signal: null
13 info lifecycle js13kserver@0.0.1~start: Failed to exec start script
14 verbose stack Error: js13kserver@0.0.1 start: `node index.js`
14 verbose stack Exit status 1
14 verbose stack     at EventEmitter.<anonymous> (/usr/local/lib/node_modules/npm/lib/utils/lifecycle.js:245:16)
14 verbose stack     at emitTwo (events.js:106:13)
14 verbose stack     at EventEmitter.emit (events.js:191:7)
14 verbose stack     at ChildProcess.<anonymous> (/usr/local/lib/node_modules/npm/lib/utils/spawn.js:24:14)
14 verbose stack     at emitTwo (events.js:106:13)
14 verbose stack     at ChildProcess.emit (events.js:191:7)
14 verbose stack     at maybeClose (internal/child_process.js:852:16)
14 verbose stack     at Process.ChildProcess._handle.onexit (internal/child_process.js:215:5)
15 verbose pkgid js13kserver@0.0.1
16 verbose cwd /home/mary/games/js13k-2016/js13kserver
17 error Linux 3.2.0-4-amd64
18 error argv "/usr/local/bin/node" "/usr/local/bin/npm" "start"
19 error node v6.2.2
20 error npm  v3.9.5
21 error code ELIFECYCLE
22 error js13kserver@0.0.1 start: `node index.js`
22 error Exit status 1
23 error Failed at the js13kserver@0.0.1 start script 'node index.js'.
23 error Make sure you have the latest version of node.js and npm installed.
23 error If you do, this is most likely a problem with the js13kserver package,
23 error not with npm itself.
23 error Tell the author that this fails on your system:
23 error     node index.js
23 error You can get information on how to open an issue for this project with:
23 error     npm bugs js13kserver
23 error Or if that isn't available, you can get their info via:
23 error     npm owner ls js13kserver
23 error There is likely additional logging output above.
24 verbose exit [ 1, true ]
